<?xml version="1.0" encoding="UTF-8"?>
<testsuite name="com.hugonavarro.ejerciciosjunit.Ej4CalificacionTest" tests="7" skipped="0" failures="0" errors="0" timestamp="2026-04-17T16:27:55.596Z" hostname="HugoNavMio" time="0.041">
  <properties/>
  <testcase name="notaInvalida()" classname="com.hugonavarro.ejerciciosjunit.Ej4CalificacionTest" time="0.02"/>
  <testcase name="notaNegativa()" classname="com.hugonavarro.ejerciciosjunit.Ej4CalificacionTest" time="0.005"/>
  <testcase name="notaSuficiente()" classname="com.hugonavarro.ejerciciosjunit.Ej4CalificacionTest" time="0.002"/>
  <testcase name="notaSobresaliente()" classname="com.hugonavarro.ejerciciosjunit.Ej4CalificacionTest" time="0.001"/>
  <testcase name="notaNotable()" classname="com.hugonavarro.ejerciciosjunit.Ej4CalificacionTest" time="0.001"/>
  <testcase name="notaBien()" classname="com.hugonavarro.ejerciciosjunit.Ej4CalificacionTest" time="0.001"/>
  <testcase name="notaSuspenso()" classname="com.hugonavarro.ejerciciosjunit.Ej4CalificacionTest" time="0.004"/>
  <system-out><![CDATA[]]></system-out>
  <system-err><![CDATA[]]></system-err>
</testsuite>
