<?xml version="1.0" encoding="UTF-8"?>
<testsuite name="com.hugonavarro.ejerciciosjunit.Ej3ContarPositivosTest" tests="4" skipped="0" failures="0" errors="0" timestamp="2026-04-17T16:34:48.619Z" hostname="HugoNavMio" time="0.026">
  <properties/>
  <testcase name="arrayMezclado()" classname="com.hugonavarro.ejerciciosjunit.Ej3ContarPositivosTest" time="0.017"/>
  <testcase name="arrayVacio()" classname="com.hugonavarro.ejerciciosjunit.Ej3ContarPositivosTest" time="0.005"/>
  <testcase name="arrayPositivo()" classname="com.hugonavarro.ejerciciosjunit.Ej3ContarPositivosTest" time="0.001"/>
  <testcase name="arrayNegativo()" classname="com.hugonavarro.ejerciciosjunit.Ej3ContarPositivosTest" time="0.001"/>
  <system-out><![CDATA[]]></system-out>
  <system-err><![CDATA[]]></system-err>
</testsuite>
