<?xml version="1.0" encoding="UTF-8"?>
<testsuite name="com.hugonavarro.ejerciciosjunit.Ej7EvaluarPasswordTest" tests="20" skipped="0" failures="0" errors="0" timestamp="2026-04-18T21:17:35.011Z" hostname="HugoNavMio" time="0.062">
  <properties/>
  <testcase name="longitudMaximaSoloNumeros()" classname="com.hugonavarro.ejerciciosjunit.Ej7EvaluarPasswordTest" time="0.019"/>
  <testcase name="longitudMinimaSoloMayusculas()" classname="com.hugonavarro.ejerciciosjunit.Ej7EvaluarPasswordTest" time="0.004"/>
  <testcase name="numerosYSimbolos()" classname="com.hugonavarro.ejerciciosjunit.Ej7EvaluarPasswordTest" time="0.001"/>
  <testcase name="longitudMaximaSoloSimbolos()" classname="com.hugonavarro.ejerciciosjunit.Ej7EvaluarPasswordTest" time="0.001"/>
  <testcase name="minusculasYSimbolos()" classname="com.hugonavarro.ejerciciosjunit.Ej7EvaluarPasswordTest" time="0.001"/>
  <testcase name="longitudMinimaSoloMinusculas()" classname="com.hugonavarro.ejerciciosjunit.Ej7EvaluarPasswordTest" time="0.002"/>
  <testcase name="mayusculasMinusculasYNumeros()" classname="com.hugonavarro.ejerciciosjunit.Ej7EvaluarPasswordTest" time="0.001"/>
  <testcase name="longitudMaximaConTodosLosPasos()" classname="com.hugonavarro.ejerciciosjunit.Ej7EvaluarPasswordTest" time="0.002"/>
  <testcase name="longitudMaximaSoloMayusculas()" classname="com.hugonavarro.ejerciciosjunit.Ej7EvaluarPasswordTest" time="0.001"/>
  <testcase name="mayusculasNumerosYSimbolos()" classname="com.hugonavarro.ejerciciosjunit.Ej7EvaluarPasswordTest" time="0.0"/>
  <testcase name="minusculasYNumeros()" classname="com.hugonavarro.ejerciciosjunit.Ej7EvaluarPasswordTest" time="0.001"/>
  <testcase name="mayusculasYSimbolos()" classname="com.hugonavarro.ejerciciosjunit.Ej7EvaluarPasswordTest" time="0.002"/>
  <testcase name="longitudMaximaSoloMinusculas()" classname="com.hugonavarro.ejerciciosjunit.Ej7EvaluarPasswordTest" time="0.002"/>
  <testcase name="mayusculasMinusculasYSimbolos()" classname="com.hugonavarro.ejerciciosjunit.Ej7EvaluarPasswordTest" time="0.0"/>
  <testcase name="longitudMinimaSoloNumeros()" classname="com.hugonavarro.ejerciciosjunit.Ej7EvaluarPasswordTest" time="0.003"/>
  <testcase name="mayusculasYNumeros()" classname="com.hugonavarro.ejerciciosjunit.Ej7EvaluarPasswordTest" time="0.001"/>
  <testcase name="longitudMinimaConTodosLosPasos()" classname="com.hugonavarro.ejerciciosjunit.Ej7EvaluarPasswordTest" time="0.001"/>
  <testcase name="minusculasNumerosYSimbolos()" classname="com.hugonavarro.ejerciciosjunit.Ej7EvaluarPasswordTest" time="0.0"/>
  <testcase name="longitudMinimaSoloSimbolos()" classname="com.hugonavarro.ejerciciosjunit.Ej7EvaluarPasswordTest" time="0.001"/>
  <testcase name="mayusculasYMinusculas()" classname="com.hugonavarro.ejerciciosjunit.Ej7EvaluarPasswordTest" time="0.003"/>
  <system-out><![CDATA[]]></system-out>
  <system-err><![CDATA[]]></system-err>
</testsuite>
