<?xml version="1.0" encoding="UTF-8"?>
<testsuite name="com.hugonavarro.ejerciciosjunit.Ej6JuegoTest" tests="6" skipped="0" failures="0" errors="0" timestamp="2026-04-18T17:41:04.101Z" hostname="HugoNavMio" time="0.045">
  <properties/>
  <testcase name="empate()" classname="com.hugonavarro.ejerciciosjunit.Ej6JuegoTest" time="0.026"/>
  <testcase name="datosInvalidosDeAmbosJugadores()" classname="com.hugonavarro.ejerciciosjunit.Ej6JuegoTest" time="0.006"/>
  <testcase name="datoInvalidoJugador1()" classname="com.hugonavarro.ejerciciosjunit.Ej6JuegoTest" time="0.002"/>
  <testcase name="datoInvalidoJugador2()" classname="com.hugonavarro.ejerciciosjunit.Ej6JuegoTest" time="0.002"/>
  <testcase name="jugador1Gana()" classname="com.hugonavarro.ejerciciosjunit.Ej6JuegoTest" time="0.001"/>
  <testcase name="jugador2Gana()" classname="com.hugonavarro.ejerciciosjunit.Ej6JuegoTest" time="0.002"/>
  <system-out><![CDATA[]]></system-out>
  <system-err><![CDATA[]]></system-err>
</testsuite>
