<?xml version="1.0" encoding="UTF-8"?>
<testsuite name="com.hugonavarro.ejerciciosjunit.Ej2ClasificarEdadTest" tests="7" skipped="0" failures="0" errors="0" timestamp="2026-04-17T16:00:16.498Z" hostname="HugoNavMio" time="0.035">
  <properties/>
  <testcase name="edadJuventud()" classname="com.hugonavarro.ejerciciosjunit.Ej2ClasificarEdadTest" time="0.018"/>
  <testcase name="edadInfancia()" classname="com.hugonavarro.ejerciciosjunit.Ej2ClasificarEdadTest" time="0.005"/>
  <testcase name="edadVejez()" classname="com.hugonavarro.ejerciciosjunit.Ej2ClasificarEdadTest" time="0.001"/>
  <testcase name="edadAdolescencia()" classname="com.hugonavarro.ejerciciosjunit.Ej2ClasificarEdadTest" time="0.0"/>
  <testcase name="edadNinyez()" classname="com.hugonavarro.ejerciciosjunit.Ej2ClasificarEdadTest" time="0.001"/>
  <testcase name="edadNegativa()" classname="com.hugonavarro.ejerciciosjunit.Ej2ClasificarEdadTest" time="0.002"/>
  <testcase name="edadAdultez()" classname="com.hugonavarro.ejerciciosjunit.Ej2ClasificarEdadTest" time="0.002"/>
  <system-out><![CDATA[]]></system-out>
  <system-err><![CDATA[]]></system-err>
</testsuite>
